Arguments: 
  /Users/limistah/.nvm/versions/node/v16.16.0/bin/node /opt/homebrew/Cellar/yarn/1.22.19/libexec/bin/yarn.js init

PATH: 
  /Applications/google-cloud-sdk/bin:/opt/local/bin:/opt/local/sbin:/opt/homebrew/bin:/Users/limistah/.cargo/bin:/Users/limistah/.nvm/versions/node/v16.16.0/bin:/usr/local/bin:/usr/bin:/bin:/usr/sbin:/sbin:/Users/limistah/.flutter/bin:/Users/limistah/Library/Ngrok:/usr/local/go/bin:/Users/limistah/golib/bin:/usr/local/share/dotnet:/Users/limistah/android-sdks/platform-tools/:/Users/limistah/android-sdks/tools/:/Users/limistah/Library/Android/sdk//emulator:/Users/limistah/Library/Android/sdk//tools:/Users/limistah/Library/Android/sdk//tools/bin:/Users/limistah/Library/Android/sdk//platform-tools:/etc/depot_tools:/Users/limistah/.fig/bin:/Users/limistah/.local/bin

Yarn version: 
  1.22.19

Node version: 
  16.16.0

Platform: 
  darwin arm64

Trace: 
  Error: canceled
      at Interface.<anonymous> (/opt/homebrew/Cellar/yarn/1.22.19/libexec/lib/cli.js:137150:13)
      at Interface.emit (node:events:527:28)
      at Interface._ttyWrite (node:readline:1081:16)
      at ReadStream.onkeypress (node:readline:288:10)
      at ReadStream.emit (node:events:527:28)
      at emitKeys (node:internal/readline/utils:358:14)
      at emitKeys.next (<anonymous>)
      at ReadStream.onData (node:internal/readline/emitKeypressEvents:61:36)
      at ReadStream.emit (node:events:527:28)
      at addChunk (node:internal/streams/readable:315:12)

npm manifest: 
  No manifest

yarn manifest: 
  No manifest

Lockfile: 
  No lockfile
